2026-04-26 13:02:18,555 - __main__ - INFO - ======================================================================
2026-04-26 13:02:18,555 - __main__ - INFO - 🎯 DEFINITIVE TRAINING: 3-loss direct KPI optimization
2026-04-26 13:02:18,555 - __main__ - INFO -   Embedding dim: 48
2026-04-26 13:02:18,555 - __main__ - INFO -   Weights: CE=5.0, Center=1.0, Repulsion=0.5
2026-04-26 13:02:18,555 - __main__ - INFO -   Repulsion margin: -0.1
2026-04-26 13:02:18,555 - __main__ - INFO -   Device: mps
2026-04-26 13:02:18,555 - __main__ - INFO - ======================================================================
2026-04-26 13:02:18,646 - __main__ - INFO -   Train: (18566, 60), Val: (3979, 60), Classes: 4
2026-04-26 13:02:18,646 - __main__ - INFO -   Class counts: {0: np.int64(6792), 1: np.int64(10949), 2: np.int64(219), 3: np.int64(606)}
2026-04-26 13:02:18,666 - __main__ - INFO -   🔥 Hard Negative Mining enabled (pytorch-metric-learning)
2026-04-26 13:02:18,667 - __main__ - INFO -   Parameters: 716,389
2026-04-26 13:02:19,244 - __main__ - INFO - 
Starting training...

Traceback (most recent call last):
  File "/Users/anishanan/Samsung/scripts/train_bilstm.py", line 299, in <module>
    train()
    ~~~~~^^
  File "/Users/anishanan/Samsung/scripts/train_bilstm.py", line 187, in train
    loss_hard = ntxent_loss_fn(h_norm, labels, hard_pairs)
  File "/Users/anishanan/Samsung/venv/lib/python3.13/site-packages/torch/nn/modules/module.py", line 1779, in _wrapped_call_impl
    return self._call_impl(*args, **kwargs)
           ~~~~~~~~~~~~~~~^^^^^^^^^^^^^^^^^
  File "/Users/anishanan/Samsung/venv/lib/python3.13/site-packages/torch/nn/modules/module.py", line 1790, in _call_impl
    return forward_call(*args, **kwargs)
  File "/Users/anishanan/Samsung/venv/lib/python3.13/site-packages/pytorch_metric_learning/losses/base_metric_loss_function.py", line 34, in forward
    loss_dict = self.compute_loss(
        embeddings, labels, indices_tuple, ref_emb, ref_labels
    )
  File "/Users/anishanan/Samsung/venv/lib/python3.13/site-packages/pytorch_metric_learning/losses/generic_pair_loss.py", line 21, in compute_loss
    return self.loss_method(mat, indices_tuple)
           ~~~~~~~~~~~~~~~~^^^^^^^^^^^^^^^^^^^^
  File "/Users/anishanan/Samsung/venv/lib/python3.13/site-packages/pytorch_metric_learning/losses/generic_pair_loss.py", line 41, in pair_based_loss
    return self._compute_loss(pos_pair, neg_pair, indices_tuple)
           ~~~~~~~~~~~~~~~~~~^^^^^^^^^^^^^^^^^^^^^^^^^^^^^^^^^^^
  File "/Users/anishanan/Samsung/venv/lib/python3.13/site-packages/pytorch_metric_learning/losses/ntxent_loss.py", line 28, in _compute_loss
    neg_pairs[n_per_p == 0] = c_f.neg_inf(dtype)
    ~~~~~~~~~^^^^^^^^^^^^^^
RuntimeError: Invalid buffer size: 9.91 GiB
